<?xml version="1.0" encoding="UTF-8"?>
<testsuite xmlns:xsi="http://www.w3.org/2001/XMLSchema-instance" xsi:noNamespaceSchemaLocation="https://maven.apache.org/surefire/maven-surefire-plugin/xsd/surefire-test-report-3.0.xsd" version="3.0" name="TestSuite" time="61.89" tests="1" errors="0" skipped="0" failures="0">
  <properties>
[...]
</properties>
  <testcase name="testPurchaseFlow" classname="testSuite.HomePageTest" time="37.893">
    <system-out><![CDATA[URL: http://127.0.0.1:4723/wd/hub
(node:15359) [DEP0128] DeprecationWarning: Invalid 'main' field in '/Users/sopay/.npm-global/lib/node_modules/appium/node_modules/mjpeg-server/package.json' of './lib/mpegserver'. Please either fix that or report it to the module author
(Use `node --trace-deprecation ...` to show where the warning was created)
&amp#27;[35m[Appium]&amp#27;[39m Welcome to Appium v1.21.0
&amp#27;[35m[Appium]&amp#27;[39m Non-default server args:
&amp#27;[35m[Appium]&amp#27;[39m   address: 127.0.0.1
&amp#27;[35m[Appium]&amp#27;[39m   sessionOverride: true
&amp#27;[35m[Appium]&amp#27;[39m   loglevel: info
&amp#27;[35m[Appium]&amp#27;[39m   defaultCapabilities: {
&amp#27;[35m[Appium]&amp#27;[39m   }
&amp#27;[35m[Appium]&amp#27;[39m Appium REST http interface listener started on 127.0.0.1:4723
Actual product price: Rp 6.600 
Page Source:
<?xml version='1.0' encoding='UTF-8' standalone='yes' ?>
<hierarchy index="0" class="hierarchy" rotation="0" width="1080" height="2190">
  <android.widget.FrameLayout index="0" package="edts.klik.android" class="android.widget.FrameLayout" text="" checkable="false" checked="false" clickable="false" enabled="true" focusable="false" focused="false" long-clickable="false" password="false" scrollable="false" selected="false" bounds="[0,0][1080,2190]" displayed="true">
    <android.widget.LinearLayout index="0" package="edts.klik.android" class="android.widget.LinearLayout" text="" checkable="false" checked="false" clickable="false" enabled="true" focusable="false" focused="false" long-clickable="false" password="false" scrollable="false" selected="false" bounds="[0,0][1080,2190]" displayed="true">
      <android.widget.FrameLayout index="0" package="edts.klik.android" class="android.widget.FrameLayout" text="" resource-id="android:id/content" checkable="false" checked="false" clickable="false" enabled="true" focusable="false" focused="false" long-clickable="false" password="false" scrollable="false" selected="false" bounds="[0,0][1080,2190]" displayed="true">
        <android.widget.FrameLayout index="0" package="edts.klik.android" class="android.widget.FrameLayout" text="" resource-id="edts.klik.android:id/bottomLayout" checkable="false" checked="false" clickable="false" enabled="true" focusable="false" focused="false" long-clickable="false" password="false" scrollable="false" selected="false" bounds="[0,0][1080,2190]" displayed="true">
          <android.widget.FrameLayout index="0" package="edts.klik.android" class="android.widget.FrameLayout" text="" resource-id="edts.klik.android:id/flRoot" checkable="false" checked="false" clickable="true" enabled="true" focusable="true" focused="false" long-clickable="false" password="false" scrollable="false" selected="false" bounds="[0,0][1080,2190]" displayed="true">
            <android.view.View index="0" package="edts.klik.android" class="android.view.View" text="" resource-id="edts.klik.android:id/vWindow" checkable="false" checked="false" clickable="true" enabled="true" focusable="true" focused="false" long-clickable="false" password="false" scrollable="false" selected="false" bounds="[0,0][1080,2190]" displayed="true" />
            <android.widget.FrameLayout index="1" package="edts.klik.android" class="android.widget.FrameLayout" text="" resource-id="edts.klik.android:id/flBottom" checkable="false" checked="false" clickable="false" enabled="true" focusable="false" focused="false" long-clickable="false" password="false" scrollable="false" selected="false" bounds="[0,1566][1080,2190]" displayed="true">
              <androidx.appcompat.widget.LinearLayoutCompat index="0" package="edts.klik.android" class="androidx.appcompat.widget.LinearLayoutCompat" text="" resource-id="edts.klik.android:id/llBottom" checkable="false" checked="false" clickable="false" enabled="true" focusable="false" focused="false" long-clickable="false" password="false" scrollable="false" selected="false" bounds="[0,1566][1080,2190]" displayed="true">
                <android.widget.FrameLayout index="0" package="edts.klik.android" class="android.widget.FrameLayout" text="" resource-id="edts.klik.android:id/flTray" checkable="false" checked="false" clickable="false" enabled="true" focusable="false" focused="false" long-clickable="false" password="false" scrollable="false" selected="false" bounds="[456,1566][624,1626]" displayed="true">
                  <android.widget.ImageView index="0" package="edts.klik.android" class="android.widget.ImageView" text="" checkable="false" checked="false" clickable="false" enabled="true" focusable="false" focused="false" long-clickable="false" password="false" scrollable="false" selected="false" bounds="[480,1590][600,1602]" displayed="true" />
                </android.widget.FrameLayout>
                <android.widget.FrameLayout index="1" package="edts.klik.android" class="android.widget.FrameLayout" text="" resource-id="edts.klik.android:id/flTitle" checkable="false" checked="false" clickable="false" enabled="true" focusable="false" focused="false" long-clickable="false" password="false" scrollable="false" selected="false" bounds="[0,1686][1080,1758]" displayed="true">
                  <androidx.appcompat.widget.LinearLayoutCompat index="0" package="edts.klik.android" class="androidx.appcompat.widget.LinearLayoutCompat" text="" checkable="false" checked="false" clickable="false" enabled="true" focusable="false" focused="false" long-clickable="false" password="false" scrollable="false" selected="false" bounds="[0,1686][1080,1758]" displayed="true">
                    <android.widget.TextView index="0" package="edts.klik.android" class="android.widget.TextView" text="Ringkasan Belanja" resource-id="edts.klik.android:id/tvTitle" checkable="false" checked="false" clickable="false" enabled="true" focusable="false" focused="false" long-clickable="false" password="false" scrollable="false" selected="false" bounds="[48,1687][912,1757]" displayed="true" />
                    <android.widget.ImageView index="1" package="edts.klik.android" class="android.widget.ImageView" text="" resource-id="edts.klik.android:id/ivCancel" checkable="false" checked="false" clickable="true" enabled="true" focusable="true" focused="false" long-clickable="false" password="false" scrollable="false" selected="false" bounds="[960,1686][1032,1758]" displayed="true" />
                  </androidx.appcompat.widget.LinearLayoutCompat>
                </android.widget.FrameLayout>
                <android.view.View index="2" package="edts.klik.android" class="android.view.View" text="" resource-id="edts.klik.android:id/vLine" checkable="false" checked="false" clickable="false" enabled="true" focusable="false" focused="false" long-clickable="false" password="false" scrollable="false" selected="false" bounds="[0,1818][1080,1821]" displayed="true" />
                <android.widget.FrameLayout index="3" package="edts.klik.android" class="android.widget.FrameLayout" text="" resource-id="edts.klik.android:id/flContent" checkable="false" checked="false" clickable="false" enabled="true" focusable="false" focused="false" long-clickable="false" password="false" scrollable="false" selected="false" bounds="[0,1821][1080,2190]" displayed="true">
                  <android.view.ViewGroup index="0" package="edts.klik.android" class="android.view.ViewGroup" text="" checkable="false" checked="false" clickable="false" enabled="true" focusable="false" focused="false" long-clickable="false" password="false" scrollable="false" selected="false" bounds="[0,1821][1080,2190]" displayed="true">
                    <android.widget.TextView index="0" package="edts.klik.android" class="android.widget.TextView" text="Belanja Xtra (1 Barang)" resource-id="edts.klik.android:id/tvCount" checkable="false" checked="false" clickable="false" enabled="true" focusable="false" focused="false" long-clickable="false" password="false" scrollable="false" selected="false" bounds="[48,1869][1080,1921]" displayed="true" />
                    <android.widget.TextView index="1" package="edts.klik.android" class="android.widget.TextView" text="Rp 6.600" resource-id="edts.klik.android:id/tvGross" checkable="false" checked="false" clickable="false" enabled="true" focusable="false" focused="false" long-clickable="false" password="false" scrollable="false" selected="false" bounds="[879,1869][1032,1921]" displayed="true" />
                    <android.view.View index="2" package="edts.klik.android" class="android.view.View" text="" resource-id="edts.klik.android:id/vBorder1" checkable="false" checked="false" clickable="false" enabled="true" focusable="false" focused="false" long-clickable="false" password="false" scrollable="false" selected="false" bounds="[48,1969][1032,1972]" displayed="true" />
                    <androidx.appcompat.widget.LinearLayoutCompat index="3" package="edts.klik.android" class="androidx.appcompat.widget.LinearLayoutCompat" text="" resource-id="edts.klik.android:id/llDeliveryFee" checkable="false" checked="false" clickable="false" enabled="true" focusable="false" focused="false" long-clickable="false" password="false" scrollable="false" selected="false" bounds="[0,1972][1080,2120]" displayed="true">
                      <android.widget.TextView index="0" package="edts.klik.android" class="android.widget.TextView" text="Biaya Pengiriman" checkable="false" checked="false" clickable="false" enabled="true" focusable="false" focused="false" long-clickable="false" password="false" scrollable="false" selected="false" bounds="[48,2020][878,2072]" displayed="true" />
                      <android.widget.TextView index="1" package="edts.klik.android" class="android.widget.TextView" text="Rp 5.000" resource-id="edts.klik.android:id/tvDeliveryFee" checkable="false" checked="false" clickable="false" enabled="true" focusable="false" focused="false" long-clickable="false" password="false" scrollable="false" selected="false" bounds="[878,2020][1032,2072]" displayed="true" />
                    </androidx.appcompat.widget.LinearLayoutCompat>
                    <android.view.View index="4" package="edts.klik.android" class="android.view.View" text="" resource-id="edts.klik.android:id/vBorder" checkable="false" checked="false" clickable="false" enabled="true" focusable="false" focused="false" long-clickable="false" password="false" scrollable="false" selected="false" bounds="[0,2120][1080,2123]" displayed="true" />
                    <android.widget.TextView index="5" package="edts.klik.android" class="android.widget.TextView" text="Total Pembayaran" resource-id="edts.klik.android:id/lbPay" checkable="false" checked="false" clickable="false" enabled="true" focusable="false" focused="false" long-clickable="false" password="false" scrollable="false" selected="false" bounds="[48,2171][813,2190]" displayed="true" />
                    <android.widget.TextView index="6" package="edts.klik.android" class="android.widget.TextView" text="Rp 11.600" resource-id="edts.klik.android:id/tvPay" checkable="false" checked="false" clickable="false" enabled="true" focusable="false" focused="false" long-clickable="false" password="false" scrollable="false" selected="false" bounds="[837,2171][1032,2190]" displayed="true" />
                  </android.view.ViewGroup>
                </android.widget.FrameLayout>
              </androidx.appcompat.widget.LinearLayoutCompat>
            </android.widget.FrameLayout>
          </android.widget.FrameLayout>
        </android.widget.FrameLayout>
      </android.widget.FrameLayout>
    </android.widget.LinearLayout>
  </android.widget.FrameLayout>
</hierarchy>
]]></system-out>
    <system-err><![CDATA[May 11, 2024 10:05:44 AM io.appium.java_client.remote.AppiumCommandExecutor$1 lambda$0
INFO: Detected dialect: W3C
]]></system-err>
  </testcase>
</testsuite>