<?xml version="1.0" encoding="UTF-8"?>
<testng-results ignored="0" total="1" passed="1" failed="0" skipped="0">
  <reporter-output>
  </reporter-output>
  <suite started-at="2024-05-11T10:05:44 WIB" name="Surefire suite" finished-at="2024-05-11T10:06:22 WIB" duration-ms="37897">
    <groups>
    </groups>
    <test started-at="2024-05-11T10:05:44 WIB" name="Surefire test" finished-at="2024-05-11T10:06:22 WIB" duration-ms="37897">
      <class name="testSuite.HomePageTest">
        <test-method is-config="true" signature="getDriver()[pri:0, instance:testSuite.HomePageTest@c540f5a]" started-at="2024-05-11T10:05:36 WIB" name="getDriver" finished-at="2024-05-11T10:05:44 WIB" duration-ms="8381" status="PASS">
          <reporter-output>
          </reporter-output>
        </test-method> <!-- getDriver -->
        <test-method signature="testPurchaseFlow()[pri:0, instance:testSuite.HomePageTest@c540f5a]" started-at="2024-05-11T10:05:44 WIB" name="testPurchaseFlow" finished-at="2024-05-11T10:06:22 WIB" duration-ms="37872" status="PASS">
          <reporter-output>
          </reporter-output>
        </test-method> <!-- testPurchaseFlow -->
        <test-method is-config="true" signature="tearDown()[pri:0, instance:testSuite.HomePageTest@c540f5a]" started-at="2024-05-11T10:06:27 WIB" name="tearDown" finished-at="2024-05-11T10:06:32 WIB" duration-ms="5185" status="PASS">
          <reporter-output>
          </reporter-output>
        </test-method> <!-- tearDown -->
      </class> <!-- testSuite.HomePageTest -->
    </test> <!-- Surefire test -->
  </suite> <!-- Surefire suite -->
</testng-results>
